<?xml version="1.0" encoding="UTF-8"?>
<testsuite name="com.facu.restfake.RestfakeApplicationTests" tests="1" skipped="0" failures="0" errors="0" timestamp="2023-10-11T00:15:31" hostname="WINCOX-PC" time="0.735">
  <properties/>
  <testcase name="contextLoads()" classname="com.facu.restfake.RestfakeApplicationTests" time="0.735"/>
  <system-out><![CDATA[21:15:24.471 [Test worker] INFO org.springframework.test.context.support.AnnotationConfigContextLoaderUtils -- Could not detect default configuration classes for test class [com.facu.restfake.RestfakeApplicationTests]: RestfakeApplicationTests does not declare any static, non-private, non-final, nested classes annotated with @Configuration.
21:15:24.649 [Test worker] INFO org.springframework.boot.test.context.SpringBootTestContextBootstrapper -- Found @SpringBootConfiguration com.facu.restfake.RestfakeApplication for test class com.facu.restfake.RestfakeApplicationTests

  .   ____          _            __ _ _
 /\\ / ___'_ __ _ _(_)_ __  __ _ \ \ \ \
( ( )\___ | '_ | '_| | '_ \/ _` | \ \ \ \
 \\/  ___)| |_)| | | | | || (_| |  ) ) ) )
  '  |____| .__|_| |_|_| |_\__, | / / / /
 =========|_|==============|___/=/_/_/_/
 :: Spring Boot ::                (v3.1.3)

2023-10-10T21:15:25.253-03:00  INFO 23000 --- [    Test worker] c.f.restfake.RestfakeApplicationTests    : Starting RestfakeApplicationTests using Java 17.0.8 with PID 23000 (started by Matias Calcagno in C:\Users\Matias Calcagno\Desktop\Carpeta Compartida\Mati\Facultad\3er Año\2do Cuatrimestre\Desarrollo Software\apirest\ApiRestCalcagno)
2023-10-10T21:15:25.255-03:00  INFO 23000 --- [    Test worker] c.f.restfake.RestfakeApplicationTests    : No active profile set, falling back to 1 default profile: "default"
2023-10-10T21:15:26.460-03:00  INFO 23000 --- [    Test worker] .s.d.r.c.RepositoryConfigurationDelegate : Bootstrapping Spring Data JPA repositories in DEFAULT mode.
2023-10-10T21:15:26.572-03:00  INFO 23000 --- [    Test worker] .s.d.r.c.RepositoryConfigurationDelegate : Finished Spring Data repository scanning in 95 ms. Found 3 JPA repository interfaces.
2023-10-10T21:15:27.217-03:00  INFO 23000 --- [    Test worker] o.hibernate.jpa.internal.util.LogHelper  : HHH000204: Processing PersistenceUnitInfo [name: default]
2023-10-10T21:15:27.334-03:00  INFO 23000 --- [    Test worker] org.hibernate.Version                    : HHH000412: Hibernate ORM core version 6.2.7.Final
2023-10-10T21:15:27.338-03:00  INFO 23000 --- [    Test worker] org.hibernate.cfg.Environment            : HHH000406: Using bytecode reflection optimizer
2023-10-10T21:15:27.567-03:00  INFO 23000 --- [    Test worker] o.h.b.i.BytecodeProviderInitiator        : HHH000021: Bytecode provider name : bytebuddy
2023-10-10T21:15:27.784-03:00  INFO 23000 --- [    Test worker] o.s.o.j.p.SpringPersistenceUnitInfo      : No LoadTimeWeaver setup: ignoring JPA class transformer
2023-10-10T21:15:27.808-03:00  INFO 23000 --- [    Test worker] com.zaxxer.hikari.HikariDataSource       : HikariPool-1 - Starting...
2023-10-10T21:15:28.080-03:00  INFO 23000 --- [    Test worker] com.zaxxer.hikari.pool.HikariPool        : HikariPool-1 - Added connection conn0: url=jdbc:h2:mem:./wincoxdb user=SA
2023-10-10T21:15:28.082-03:00  INFO 23000 --- [    Test worker] com.zaxxer.hikari.HikariDataSource       : HikariPool-1 - Start completed.
2023-10-10T21:15:28.490-03:00  INFO 23000 --- [    Test worker] o.h.b.i.BytecodeProviderInitiator        : HHH000021: Bytecode provider name : bytebuddy
2023-10-10T21:15:29.442-03:00  INFO 23000 --- [    Test worker] o.h.e.t.j.p.i.JtaPlatformInitiator       : HHH000490: Using JtaPlatform implementation: [org.hibernate.engine.transaction.jta.platform.internal.NoJtaPlatform]
Hibernate: create table autor (id bigint generated by default as identity, apellido varchar(255), biografia varchar(255), nombre varchar(255), primary key (id))
Hibernate: create table domicilio (id bigint generated by default as identity, calle varchar(255), numero integer not null, fk_localidad bigint not null, primary key (id))
Hibernate: create table libro (id bigint generated by default as identity, fecha integer not null, genero varchar(255), paginas integer not null, titulo varchar(255), primary key (id))
Hibernate: create table libro_autores (libro_id bigint not null, autores_id bigint not null)
Hibernate: create table localidad (id bigint generated by default as identity, denominacion varchar(255), primary key (id))
Hibernate: create table persona (id bigint generated by default as identity, apellido varchar(255), dni integer not null, nombre varchar(255), fk_domicilio bigint, primary key (id))
Hibernate: create table persona_libro (persona_id bigint not null, libro_id bigint not null)
Hibernate: alter table if exists persona drop constraint if exists UK_tf82o8p6mim2vdcl7kh56jltw
Hibernate: alter table if exists persona add constraint UK_tf82o8p6mim2vdcl7kh56jltw unique (fk_domicilio)
Hibernate: alter table if exists persona_libro drop constraint if exists UK_klwo566p2xgu8txcyls6vx0ai
Hibernate: alter table if exists persona_libro add constraint UK_klwo566p2xgu8txcyls6vx0ai unique (libro_id)
Hibernate: alter table if exists domicilio add constraint FKsq48s35e5o185ajo3mloiqxjk foreign key (fk_localidad) references localidad
Hibernate: alter table if exists libro_autores add constraint FK4n6u17jdtrjai8yitxsmm7tly foreign key (autores_id) references autor
Hibernate: alter table if exists libro_autores add constraint FKsoheqe18ertlksjno9y33x0am foreign key (libro_id) references libro
Hibernate: alter table if exists persona add constraint FKdvcd83wmvj0mwmbu3kyoisobn foreign key (fk_domicilio) references domicilio
Hibernate: alter table if exists persona_libro add constraint FK6oar3k71e0huyyjlxd0a8qnct foreign key (libro_id) references libro
Hibernate: alter table if exists persona_libro add constraint FKd8c57cn01g1qhcax4yanhi2o4 foreign key (persona_id) references persona
2023-10-10T21:15:29.550-03:00  INFO 23000 --- [    Test worker] j.LocalContainerEntityManagerFactoryBean : Initialized JPA EntityManagerFactory for persistence unit 'default'
2023-10-10T21:15:30.247-03:00  INFO 23000 --- [    Test worker] o.s.d.j.r.query.QueryEnhancerFactory     : Hibernate is in classpath; If applicable, HQL parser will be used.
2023-10-10T21:15:30.629-03:00  WARN 23000 --- [    Test worker] JpaBaseConfiguration$JpaWebConfiguration : spring.jpa.open-in-view is enabled by default. Therefore, database queries may be performed during view rendering. Explicitly configure spring.jpa.open-in-view to disable this warning
2023-10-10T21:15:31.291-03:00  INFO 23000 --- [    Test worker] o.s.b.a.h2.H2ConsoleAutoConfiguration    : H2 console available at '/h2-console'. Database available at 'jdbc:h2:mem:./wincoxdb'
2023-10-10T21:15:31.368-03:00  INFO 23000 --- [    Test worker] c.f.restfake.RestfakeApplicationTests    : Started RestfakeApplicationTests in 6.435 seconds (process running for 8.356)
]]></system-out>
  <system-err><![CDATA[]]></system-err>
</testsuite>
